{"level":"info","message":"Server running on http://localhost:3000","service":"calculator-microservice","timestamp":"2025-03-29T03:47:22.119Z"}
{"ip":"::1","level":"info","message":"Request received","method":"GET","service":"calculator-microservice","timestamp":"2025-03-29T03:49:13.462Z","url":"/multiply?num1=7&num2=6"}
{"level":"info","message":"Multiplication: 7 * 6 = 42","service":"calculator-microservice","timestamp":"2025-03-29T03:49:13.464Z"}
{"ip":"::1","level":"info","message":"Request received","method":"GET","service":"calculator-microservice","timestamp":"2025-03-29T03:49:13.501Z","url":"/divide?num1=20&num2=5"}
{"level":"info","message":"Division: 20 / 5 = 4","service":"calculator-microservice","timestamp":"2025-03-29T03:49:13.502Z"}
{"ip":"::1","level":"info","message":"Request received","method":"GET","service":"calculator-microservice","timestamp":"2025-03-29T03:49:25.543Z","url":"/add?num1=5"}
{"level":"error","message":"Missing parameters","service":"calculator-microservice","timestamp":"2025-03-29T03:49:25.544Z"}
{"ip":"::1","level":"info","message":"Request received","method":"GET","service":"calculator-microservice","timestamp":"2025-03-29T04:00:40.089Z","url":"/"}
{"level":"info","message":"API documentation accessed","service":"calculator-microservice","timestamp":"2025-03-29T04:00:40.090Z"}
{"ip":"::1","level":"info","message":"Request received","method":"GET","service":"calculator-microservice","timestamp":"2025-03-29T04:01:34.769Z","url":"/"}
{"level":"info","message":"API documentation accessed","service":"calculator-microservice","timestamp":"2025-03-29T04:01:34.770Z"}
{"ip":"::1","level":"info","message":"Request received","method":"GET","service":"calculator-microservice","timestamp":"2025-03-29T04:01:37.328Z","url":"/"}
{"level":"info","message":"API documentation accessed","service":"calculator-microservice","timestamp":"2025-03-29T04:01:37.328Z"}
{"ip":"::1","level":"info","message":"Request received","method":"GET","service":"calculator-microservice","timestamp":"2025-03-29T04:01:37.937Z","url":"/"}
{"level":"info","message":"API documentation accessed","service":"calculator-microservice","timestamp":"2025-03-29T04:01:37.938Z"}
{"ip":"::1","level":"info","message":"Request received","method":"GET","service":"calculator-microservice","timestamp":"2025-03-29T04:01:38.116Z","url":"/"}
{"level":"info","message":"API documentation accessed","service":"calculator-microservice","timestamp":"2025-03-29T04:01:38.116Z"}
{"ip":"::1","level":"info","message":"Request received","method":"GET","service":"calculator-microservice","timestamp":"2025-03-29T04:01:38.325Z","url":"/"}
{"level":"info","message":"API documentation accessed","service":"calculator-microservice","timestamp":"2025-03-29T04:01:38.326Z"}
{"ip":"::1","level":"info","message":"Request received","method":"GET","service":"calculator-microservice","timestamp":"2025-03-29T04:10:03.349Z","url":"/add?num1=5&num2=3"}
{"level":"info","message":"Addition: 5 + 3 = 8","service":"calculator-microservice","timestamp":"2025-03-29T04:10:03.350Z"}
{"ip":"::1","level":"info","message":"Request received","method":"GET","service":"calculator-microservice","timestamp":"2025-03-29T04:10:09.478Z","url":"/"}
{"level":"info","message":"API documentation accessed","service":"calculator-microservice","timestamp":"2025-03-29T04:10:09.478Z"}
{"ip":"::1","level":"info","message":"Request received","method":"GET","service":"calculator-microservice","timestamp":"2025-03-29T04:20:38.045Z","url":"/add?num1=5&num2=3"}
{"level":"info","message":"Addition: 5 + 3 = 8","service":"calculator-microservice","timestamp":"2025-03-29T04:20:38.045Z"}
{"ip":"::1","level":"info","message":"Request received","method":"GET","service":"calculator-microservice","timestamp":"2025-03-29T04:20:41.023Z","url":"/divide?num1=20&num2=0"}
{"level":"error","message":"Division by zero attempted","service":"calculator-microservice","timestamp":"2025-03-29T04:20:41.023Z"}
{"ip":"::1","level":"info","message":"Request received","method":"GET","service":"calculator-microservice","timestamp":"2025-03-29T04:20:46.336Z","url":"/"}
{"level":"info","message":"API documentation accessed","service":"calculator-microservice","timestamp":"2025-03-29T04:20:46.336Z"}
{"ip":"::1","level":"info","message":"Request received","method":"GET","service":"calculator-microservice","timestamp":"2025-03-29T04:20:47.437Z","url":"/"}
{"level":"info","message":"API documentation accessed","service":"calculator-microservice","timestamp":"2025-03-29T04:20:47.437Z"}
{"ip":"::1","level":"info","message":"Request received","method":"GET","service":"calculator-microservice","timestamp":"2025-03-29T04:24:14.195Z","url":"/add?num1=5&num2=3"}
{"level":"info","message":"Addition: 5 + 3 = 8","service":"calculator-microservice","timestamp":"2025-03-29T04:24:14.195Z"}
{"ip":"::1","level":"info","message":"Request received","method":"GET","service":"calculator-microservice","timestamp":"2025-03-29T04:24:28.532Z","url":"/divide?num1=20&num2=0"}
{"level":"error","message":"Division by zero attempted","service":"calculator-microservice","timestamp":"2025-03-29T04:24:28.532Z"}
{"ip":"::1","level":"info","message":"Request received","method":"GET","service":"calculator-microservice","timestamp":"2025-03-29T04:24:55.125Z","url":"/"}
{"level":"info","message":"API documentation accessed","service":"calculator-microservice","timestamp":"2025-03-29T04:24:55.125Z"}
{"level":"info","message":"Server started successfully on port 3000","service":"calculator-microservice","timestamp":"2025-03-29T04:30:10.087Z"}
{"headers":{"accept":"text/html,application/xhtml+xml,application/xml;q=0.9,image/avif,image/webp,image/apng,*/*;q=0.8,application/signed-exchange;v=b3;q=0.7","accept-encoding":"gzip, deflate, br, zstd","accept-language":"en-US,en;q=0.9","cache-control":"max-age=0","connection":"keep-alive","host":"localhost:3000","if-none-match":"W/\"16a-Izhl4Frvi5vgEyHb5ykAEfUIiJI\"","sec-ch-ua":"\"Chromium\";v=\"134\", \"Not:A-Brand\";v=\"24\", \"Microsoft Edge\";v=\"134\"","sec-ch-ua-mobile":"?0","sec-ch-ua-platform":"\"Windows\"","sec-fetch-dest":"document","sec-fetch-mode":"navigate","sec-fetch-site":"none","sec-fetch-user":"?1","upgrade-insecure-requests":"1","user-agent":"Mozilla/5.0 (Windows NT 10.0; Win64; x64) AppleWebKit/537.36 (KHTML, like Gecko) Chrome/134.0.0.0 Safari/537.36 Edg/134.0.0.0"},"ip":"::1","level":"info","message":"Incoming request","method":"GET","service":"calculator-microservice","timestamp":"2025-03-29T04:32:41.943Z","url":"/"}
{"level":"info","message":"API documentation accessed","service":"calculator-microservice","timestamp":"2025-03-29T04:32:41.945Z"}
{"headers":{"accept":"text/html,application/xhtml+xml,application/xml;q=0.9,image/avif,image/webp,image/apng,*/*;q=0.8,application/signed-exchange;v=b3;q=0.7","accept-encoding":"gzip, deflate, br, zstd","accept-language":"en-US,en;q=0.9","cache-control":"max-age=0","connection":"keep-alive","host":"localhost:3000","if-none-match":"W/\"19f-5KEFs0jqKzklGG5z69/x7t7Xw4o\"","sec-ch-ua":"\"Chromium\";v=\"134\", \"Not:A-Brand\";v=\"24\", \"Microsoft Edge\";v=\"134\"","sec-ch-ua-mobile":"?0","sec-ch-ua-platform":"\"Windows\"","sec-fetch-dest":"document","sec-fetch-mode":"navigate","sec-fetch-site":"none","sec-fetch-user":"?1","upgrade-insecure-requests":"1","user-agent":"Mozilla/5.0 (Windows NT 10.0; Win64; x64) AppleWebKit/537.36 (KHTML, like Gecko) Chrome/134.0.0.0 Safari/537.36 Edg/134.0.0.0"},"ip":"::1","level":"info","message":"Incoming request","method":"GET","service":"calculator-microservice","timestamp":"2025-03-29T04:32:43.801Z","url":"/"}
{"level":"info","message":"API documentation accessed","service":"calculator-microservice","timestamp":"2025-03-29T04:32:43.802Z"}
{"headers":{"accept":"text/html,application/xhtml+xml,application/xml;q=0.9,image/avif,image/webp,image/apng,*/*;q=0.8,application/signed-exchange;v=b3;q=0.7","accept-encoding":"gzip, deflate, br, zstd","accept-language":"en-US,en;q=0.9","cache-control":"max-age=0","connection":"keep-alive","host":"localhost:3000","if-none-match":"W/\"19f-5KEFs0jqKzklGG5z69/x7t7Xw4o\"","sec-ch-ua":"\"Chromium\";v=\"134\", \"Not:A-Brand\";v=\"24\", \"Microsoft Edge\";v=\"134\"","sec-ch-ua-mobile":"?0","sec-ch-ua-platform":"\"Windows\"","sec-fetch-dest":"document","sec-fetch-mode":"navigate","sec-fetch-site":"none","sec-fetch-user":"?1","upgrade-insecure-requests":"1","user-agent":"Mozilla/5.0 (Windows NT 10.0; Win64; x64) AppleWebKit/537.36 (KHTML, like Gecko) Chrome/134.0.0.0 Safari/537.36 Edg/134.0.0.0"},"ip":"::1","level":"info","message":"Incoming request","method":"GET","service":"calculator-microservice","timestamp":"2025-03-29T04:32:46.144Z","url":"/"}
{"level":"info","message":"API documentation accessed","service":"calculator-microservice","timestamp":"2025-03-29T04:32:46.145Z"}
{"headers":{"accept":"text/html,application/xhtml+xml,application/xml;q=0.9,image/avif,image/webp,image/apng,*/*;q=0.8,application/signed-exchange;v=b3;q=0.7","accept-encoding":"gzip, deflate, br, zstd","accept-language":"en-US,en;q=0.9","cache-control":"max-age=0","connection":"keep-alive","host":"localhost:3000","if-none-match":"W/\"19f-5KEFs0jqKzklGG5z69/x7t7Xw4o\"","sec-ch-ua":"\"Chromium\";v=\"134\", \"Not:A-Brand\";v=\"24\", \"Microsoft Edge\";v=\"134\"","sec-ch-ua-mobile":"?0","sec-ch-ua-platform":"\"Windows\"","sec-fetch-dest":"document","sec-fetch-mode":"navigate","sec-fetch-site":"none","sec-fetch-user":"?1","upgrade-insecure-requests":"1","user-agent":"Mozilla/5.0 (Windows NT 10.0; Win64; x64) AppleWebKit/537.36 (KHTML, like Gecko) Chrome/134.0.0.0 Safari/537.36 Edg/134.0.0.0"},"ip":"::1","level":"info","message":"Incoming request","method":"GET","service":"calculator-microservice","timestamp":"2025-03-29T04:34:05.629Z","url":"/"}
{"level":"info","message":"API documentation accessed","service":"calculator-microservice","timestamp":"2025-03-29T04:34:05.630Z"}
{"headers":{"accept":"*/*","host":"localhost:3000","user-agent":"curl/8.10.1"},"ip":"::1","level":"info","message":"Incoming request","method":"GET","service":"calculator-microservice","timestamp":"2025-03-29T04:40:39.352Z","url":"/add?num1=5&num2=3"}
{"level":"info","message":"Addition operation: 5 + 3 = 8","service":"calculator-microservice","timestamp":"2025-03-29T04:40:39.354Z"}
{"headers":{"accept":"*/*","host":"localhost:3000","user-agent":"curl/8.10.1"},"ip":"::1","level":"info","message":"Incoming request","method":"GET","service":"calculator-microservice","timestamp":"2025-03-29T04:40:39.372Z","url":"/subtract?num1=10&num2=4"}
{"level":"info","message":"Subtraction operation: 10 - 4 = 6","service":"calculator-microservice","timestamp":"2025-03-29T04:40:39.373Z"}
{"headers":{"accept":"*/*","host":"localhost:3000","user-agent":"curl/8.10.1"},"ip":"::1","level":"info","message":"Incoming request","method":"GET","service":"calculator-microservice","timestamp":"2025-03-29T04:40:39.390Z","url":"/multiply?num1=7&num2=6"}
{"level":"info","message":"Multiplication operation: 7 * 6 = 42","service":"calculator-microservice","timestamp":"2025-03-29T04:40:39.390Z"}
{"headers":{"accept":"*/*","host":"localhost:3000","user-agent":"curl/8.10.1"},"ip":"::1","level":"info","message":"Incoming request","method":"GET","service":"calculator-microservice","timestamp":"2025-03-29T04:41:56.656Z","url":"/divide?num1=20&num2=5"}
{"level":"info","message":"Division operation: 20 / 5 = 4","service":"calculator-microservice","timestamp":"2025-03-29T04:41:56.657Z"}
{"headers":{"accept":"*/*","host":"localhost:3000","user-agent":"curl/8.10.1"},"ip":"::1","level":"info","message":"Incoming request","method":"GET","service":"calculator-microservice","timestamp":"2025-03-29T04:42:00.242Z","url":"/add?num1=5"}
{"level":"error","message":"Missing parameters","service":"calculator-microservice","timestamp":"2025-03-29T04:42:00.243Z"}
{"headers":{"accept":"*/*","host":"localhost:3000","user-agent":"curl/8.10.1"},"ip":"::1","level":"info","message":"Incoming request","method":"GET","service":"calculator-microservice","timestamp":"2025-03-29T04:42:00.327Z","url":"/add?num1=abc&num2=3"}
{"level":"error","message":"Invalid number parameters","service":"calculator-microservice","timestamp":"2025-03-29T04:42:00.327Z"}
{"headers":{"accept":"*/*","host":"localhost:3000","user-agent":"curl/8.10.1"},"ip":"::1","level":"info","message":"Incoming request","method":"GET","service":"calculator-microservice","timestamp":"2025-03-29T04:42:05.056Z","url":"/divide?num1=20&num2=0"}
{"level":"error","message":"Division by zero attempted","service":"calculator-microservice","timestamp":"2025-03-29T04:42:05.057Z"}
{"headers":{"accept":"*/*","host":"localhost:3000","user-agent":"curl/8.10.1"},"ip":"::1","level":"info","message":"Incoming request","method":"GET","service":"calculator-microservice","timestamp":"2025-03-29T04:48:33.107Z","url":"/add?num1=5&num2=3"}
{"level":"info","message":"Addition operation: 5 + 3 = 8","service":"calculator-microservice","timestamp":"2025-03-29T04:48:33.107Z"}
{"headers":{"accept":"*/*","host":"localhost:3000","user-agent":"curl/8.10.1"},"ip":"::1","level":"info","message":"Incoming request","method":"GET","service":"calculator-microservice","timestamp":"2025-03-29T04:48:53.071Z","url":"/add?num1=abc&num2=3"}
{"level":"error","message":"Invalid number parameters","service":"calculator-microservice","timestamp":"2025-03-29T04:48:53.072Z"}
{"headers":{"accept":"text/html,application/xhtml+xml,application/xml;q=0.9,image/avif,image/webp,image/apng,*/*;q=0.8,application/signed-exchange;v=b3;q=0.7","accept-encoding":"gzip, deflate, br, zstd","accept-language":"en-US,en;q=0.9","connection":"keep-alive","host":"localhost:3000","if-none-match":"W/\"19f-5KEFs0jqKzklGG5z69/x7t7Xw4o\"","sec-ch-ua":"\"Chromium\";v=\"134\", \"Not:A-Brand\";v=\"24\", \"Microsoft Edge\";v=\"134\"","sec-ch-ua-mobile":"?0","sec-ch-ua-platform":"\"Windows\"","sec-fetch-dest":"document","sec-fetch-mode":"navigate","sec-fetch-site":"none","sec-fetch-user":"?1","upgrade-insecure-requests":"1","user-agent":"Mozilla/5.0 (Windows NT 10.0; Win64; x64) AppleWebKit/537.36 (KHTML, like Gecko) Chrome/134.0.0.0 Safari/537.36 Edg/134.0.0.0"},"ip":"::1","level":"info","message":"Incoming request","method":"GET","service":"calculator-microservice","timestamp":"2025-03-29T04:49:06.355Z","url":"/"}
{"level":"info","message":"API documentation accessed","service":"calculator-microservice","timestamp":"2025-03-29T04:49:06.356Z"}
{"headers":{"accept":"*/*","host":"localhost:3000","user-agent":"curl/8.10.1"},"ip":"::1","level":"info","message":"Incoming request","method":"GET","service":"calculator-microservice","timestamp":"2025-03-29T04:57:26.915Z","url":"/add?num1=5&num2=3"}
{"level":"info","message":"Addition operation: 5 + 3 = 8","service":"calculator-microservice","timestamp":"2025-03-29T04:57:26.915Z"}
{"headers":{"accept":"*/*","host":"localhost:3000","user-agent":"curl/8.10.1"},"ip":"::1","level":"info","message":"Incoming request","method":"GET","service":"calculator-microservice","timestamp":"2025-03-29T04:57:26.937Z","url":"/divide?num1=20&num2=5"}
{"level":"info","message":"Division operation: 20 / 5 = 4","service":"calculator-microservice","timestamp":"2025-03-29T04:57:26.937Z"}
{"headers":{"accept":"*/*","host":"localhost:3000","user-agent":"curl/8.10.1"},"ip":"::1","level":"info","message":"Incoming request","method":"GET","service":"calculator-microservice","timestamp":"2025-03-29T04:58:23.622Z","url":"/add?num1=5&num2=3"}
{"level":"info","message":"Addition operation: 5 + 3 = 8","service":"calculator-microservice","timestamp":"2025-03-29T04:58:23.623Z"}
{"headers":{"accept":"*/*","host":"localhost:3000","user-agent":"curl/8.10.1"},"ip":"::1","level":"info","message":"Incoming request","method":"GET","service":"calculator-microservice","timestamp":"2025-03-29T04:58:23.641Z","url":"/divide?num1=20&num2=5"}
{"level":"info","message":"Division operation: 20 / 5 = 4","service":"calculator-microservice","timestamp":"2025-03-29T04:58:23.641Z"}
{"headers":{"accept":"*/*","host":"localhost:3000","user-agent":"curl/8.10.1"},"ip":"::1","level":"info","message":"Incoming request","method":"GET","service":"calculator-microservice","timestamp":"2025-03-29T04:58:51.894Z","url":"/add?num1=5&num2=3"}
{"level":"info","message":"Addition operation: 5 + 3 = 8","service":"calculator-microservice","timestamp":"2025-03-29T04:58:51.894Z"}
{"headers":{"accept":"*/*","host":"localhost:3000","user-agent":"curl/8.10.1"},"ip":"::1","level":"info","message":"Incoming request","method":"GET","service":"calculator-microservice","timestamp":"2025-03-29T04:59:05.293Z","url":"/divide?num1=20&num2=5"}
{"level":"info","message":"Division operation: 20 / 5 = 4","service":"calculator-microservice","timestamp":"2025-03-29T04:59:05.294Z"}
{"headers":{"accept":"*/*","host":"localhost:3000","user-agent":"curl/8.10.1"},"ip":"::1","level":"info","message":"Incoming request","method":"GET","service":"calculator-microservice","timestamp":"2025-03-29T04:59:30.603Z","url":"/add?num1=abc&num2=3"}
{"level":"error","message":"Invalid number parameters","service":"calculator-microservice","timestamp":"2025-03-29T04:59:30.604Z"}
{"headers":{"accept":"*/*","host":"localhost:3000","user-agent":"curl/8.10.1"},"ip":"::1","level":"info","message":"Incoming request","method":"GET","service":"calculator-microservice","timestamp":"2025-03-29T04:59:48.352Z","url":"/divide?num1=20&num2=0"}
{"level":"error","message":"Division by zero attempted","service":"calculator-microservice","timestamp":"2025-03-29T04:59:48.353Z"}
{"headers":{"accept":"text/html,application/xhtml+xml,application/xml;q=0.9,image/avif,image/webp,image/apng,*/*;q=0.8,application/signed-exchange;v=b3;q=0.7","accept-encoding":"gzip, deflate, br, zstd","accept-language":"en-US,en;q=0.9","cache-control":"max-age=0","connection":"keep-alive","host":"localhost:3000","if-none-match":"W/\"19f-5KEFs0jqKzklGG5z69/x7t7Xw4o\"","sec-ch-ua":"\"Chromium\";v=\"134\", \"Not:A-Brand\";v=\"24\", \"Microsoft Edge\";v=\"134\"","sec-ch-ua-mobile":"?0","sec-ch-ua-platform":"\"Windows\"","sec-fetch-dest":"document","sec-fetch-mode":"navigate","sec-fetch-site":"none","sec-fetch-user":"?1","upgrade-insecure-requests":"1","user-agent":"Mozilla/5.0 (Windows NT 10.0; Win64; x64) AppleWebKit/537.36 (KHTML, like Gecko) Chrome/134.0.0.0 Safari/537.36 Edg/134.0.0.0"},"ip":"::1","level":"info","message":"Incoming request","method":"GET","service":"calculator-microservice","timestamp":"2025-03-29T05:00:33.318Z","url":"/"}
{"level":"info","message":"API documentation accessed","service":"calculator-microservice","timestamp":"2025-03-29T05:00:33.319Z"}
{"headers":{"accept":"text/html,application/xhtml+xml,application/xml;q=0.9,image/avif,image/webp,image/apng,*/*;q=0.8,application/signed-exchange;v=b3;q=0.7","accept-encoding":"gzip, deflate, br, zstd","accept-language":"en-US,en;q=0.9","cache-control":"max-age=0","connection":"keep-alive","host":"localhost:3000","if-none-match":"W/\"19f-5KEFs0jqKzklGG5z69/x7t7Xw4o\"","sec-ch-ua":"\"Chromium\";v=\"134\", \"Not:A-Brand\";v=\"24\", \"Microsoft Edge\";v=\"134\"","sec-ch-ua-mobile":"?0","sec-ch-ua-platform":"\"Windows\"","sec-fetch-dest":"document","sec-fetch-mode":"navigate","sec-fetch-site":"none","sec-fetch-user":"?1","upgrade-insecure-requests":"1","user-agent":"Mozilla/5.0 (Windows NT 10.0; Win64; x64) AppleWebKit/537.36 (KHTML, like Gecko) Chrome/134.0.0.0 Safari/537.36 Edg/134.0.0.0"},"ip":"::1","level":"info","message":"Incoming request","method":"GET","service":"calculator-microservice","timestamp":"2025-03-29T05:00:34.217Z","url":"/"}
{"level":"info","message":"API documentation accessed","service":"calculator-microservice","timestamp":"2025-03-29T05:00:34.218Z"}
{"headers":{"accept":"text/html,application/xhtml+xml,application/xml;q=0.9,image/avif,image/webp,image/apng,*/*;q=0.8,application/signed-exchange;v=b3;q=0.7","accept-encoding":"gzip, deflate, br, zstd","accept-language":"en-US,en;q=0.9","cache-control":"max-age=0","connection":"keep-alive","host":"localhost:3000","if-none-match":"W/\"19f-5KEFs0jqKzklGG5z69/x7t7Xw4o\"","sec-ch-ua":"\"Chromium\";v=\"134\", \"Not:A-Brand\";v=\"24\", \"Microsoft Edge\";v=\"134\"","sec-ch-ua-mobile":"?0","sec-ch-ua-platform":"\"Windows\"","sec-fetch-dest":"document","sec-fetch-mode":"navigate","sec-fetch-site":"none","sec-fetch-user":"?1","upgrade-insecure-requests":"1","user-agent":"Mozilla/5.0 (Windows NT 10.0; Win64; x64) AppleWebKit/537.36 (KHTML, like Gecko) Chrome/134.0.0.0 Safari/537.36 Edg/134.0.0.0"},"ip":"::1","level":"info","message":"Incoming request","method":"GET","service":"calculator-microservice","timestamp":"2025-03-29T05:00:34.413Z","url":"/"}
{"level":"info","message":"API documentation accessed","service":"calculator-microservice","timestamp":"2025-03-29T05:00:34.413Z"}
{"headers":{"accept":"text/html,application/xhtml+xml,application/xml;q=0.9,image/avif,image/webp,image/apng,*/*;q=0.8,application/signed-exchange;v=b3;q=0.7","accept-encoding":"gzip, deflate, br, zstd","accept-language":"en-US,en;q=0.9","cache-control":"max-age=0","connection":"keep-alive","host":"localhost:3000","if-none-match":"W/\"19f-5KEFs0jqKzklGG5z69/x7t7Xw4o\"","sec-ch-ua":"\"Chromium\";v=\"134\", \"Not:A-Brand\";v=\"24\", \"Microsoft Edge\";v=\"134\"","sec-ch-ua-mobile":"?0","sec-ch-ua-platform":"\"Windows\"","sec-fetch-dest":"document","sec-fetch-mode":"navigate","sec-fetch-site":"none","sec-fetch-user":"?1","upgrade-insecure-requests":"1","user-agent":"Mozilla/5.0 (Windows NT 10.0; Win64; x64) AppleWebKit/537.36 (KHTML, like Gecko) Chrome/134.0.0.0 Safari/537.36 Edg/134.0.0.0"},"ip":"::1","level":"info","message":"Incoming request","method":"GET","service":"calculator-microservice","timestamp":"2025-03-29T05:00:34.606Z","url":"/"}
{"level":"info","message":"API documentation accessed","service":"calculator-microservice","timestamp":"2025-03-29T05:00:34.606Z"}
{"headers":{"accept":"text/html,application/xhtml+xml,application/xml;q=0.9,image/avif,image/webp,image/apng,*/*;q=0.8,application/signed-exchange;v=b3;q=0.7","accept-encoding":"gzip, deflate, br, zstd","accept-language":"en-US,en;q=0.9","cache-control":"max-age=0","connection":"keep-alive","host":"localhost:3000","if-none-match":"W/\"19f-5KEFs0jqKzklGG5z69/x7t7Xw4o\"","sec-ch-ua":"\"Chromium\";v=\"134\", \"Not:A-Brand\";v=\"24\", \"Microsoft Edge\";v=\"134\"","sec-ch-ua-mobile":"?0","sec-ch-ua-platform":"\"Windows\"","sec-fetch-dest":"document","sec-fetch-mode":"navigate","sec-fetch-site":"none","sec-fetch-user":"?1","upgrade-insecure-requests":"1","user-agent":"Mozilla/5.0 (Windows NT 10.0; Win64; x64) AppleWebKit/537.36 (KHTML, like Gecko) Chrome/134.0.0.0 Safari/537.36 Edg/134.0.0.0"},"ip":"::1","level":"info","message":"Incoming request","method":"GET","service":"calculator-microservice","timestamp":"2025-03-29T05:00:34.808Z","url":"/"}
{"level":"info","message":"API documentation accessed","service":"calculator-microservice","timestamp":"2025-03-29T05:00:34.808Z"}
{"level":"info","message":"Server started on port 3000","service":"calculator-microservice","timestamp":"2025-03-29 16:20:15"}
{"ip":"::1","level":"info","message":"Incoming request","method":"GET","service":"calculator-microservice","timestamp":"2025-03-29 16:29:11","url":"/health","userAgent":"curl/8.10.1"}
{"dbConnection":"none","level":"info","memoryUsage":{"arrayBuffers":33146,"external":808145,"heapTotal":11988992,"heapUsed":10157416,"rss":42201088},"message":"Health check performed","service":"calculator-microservice","status":"healthy","timestamp":"2025-03-29 16:29:11","uptime":536.4783205}
{"duration":"8ms","level":"info","message":"Request completed","method":"GET","service":"calculator-microservice","status":200,"timestamp":"2025-03-29 16:29:11","url":"/health"}
{"ip":"::1","level":"info","message":"Incoming request","method":"GET","service":"calculator-microservice","timestamp":"2025-03-29 16:29:53","url":"/","userAgent":"curl/8.10.1"}
{"level":"info","message":"API documentation accessed","service":"calculator-microservice","timestamp":"2025-03-29 16:29:53"}
{"duration":"3ms","level":"info","message":"Request completed","method":"GET","service":"calculator-microservice","status":200,"timestamp":"2025-03-29 16:29:53","url":"/"}
{"ip":"::1","level":"info","message":"Incoming request","method":"GET","service":"calculator-microservice","timestamp":"2025-03-29 16:30:09","url":"/","userAgent":"Mozilla/5.0 (Windows NT 10.0; Win64; x64) AppleWebKit/537.36 (KHTML, like Gecko) Chrome/134.0.0.0 Safari/537.36 Edg/134.0.0.0"}
{"level":"info","message":"API documentation accessed","service":"calculator-microservice","timestamp":"2025-03-29 16:30:09"}
{"duration":"5ms","level":"info","message":"Request completed","method":"GET","service":"calculator-microservice","status":200,"timestamp":"2025-03-29 16:30:09","url":"/"}
{"ip":"::1","level":"info","message":"Incoming request","method":"GET","service":"calculator-microservice","timestamp":"2025-03-29 16:30:11","url":"/","userAgent":"Mozilla/5.0 (Windows NT 10.0; Win64; x64) AppleWebKit/537.36 (KHTML, like Gecko) Chrome/134.0.0.0 Safari/537.36 Edg/134.0.0.0"}
{"level":"info","message":"API documentation accessed","service":"calculator-microservice","timestamp":"2025-03-29 16:30:11"}
{"duration":"2ms","level":"info","message":"Request completed","method":"GET","service":"calculator-microservice","status":304,"timestamp":"2025-03-29 16:30:11","url":"/"}
{"level":"info","message":"Server started on port 4000","service":"calculator-microservice","timestamp":"2025-03-29 16:39:32"}
{"ip":"::1","level":"info","message":"Incoming request","method":"GET","service":"calculator-microservice","timestamp":"2025-03-29 16:41:12","url":"/add?num1=5","userAgent":"curl/8.10.1"}
{"expected":"Both num1 and num2 required","level":"error","message":"Missing parameters","received":{"num1":"5"},"service":"calculator-microservice","timestamp":"2025-03-29 16:41:12"}
{"duration":"16ms","level":"info","message":"Request completed","method":"GET","service":"calculator-microservice","status":400,"timestamp":"2025-03-29 16:41:13","url":"/add?num1=5"}
{"ip":"::1","level":"info","message":"Incoming request","method":"GET","service":"calculator-microservice","timestamp":"2025-03-29 16:41:13","url":"/add?num1=abc&num2=2","userAgent":"curl/8.10.1"}
{"expected":"Valid numbers","level":"error","message":"Invalid number parameters","received":{"num1":"abc","num2":"2"},"service":"calculator-microservice","timestamp":"2025-03-29 16:41:13"}
{"duration":"2ms","level":"info","message":"Request completed","method":"GET","service":"calculator-microservice","status":400,"timestamp":"2025-03-29 16:41:13","url":"/add?num1=abc&num2=2"}
{"ip":"::1","level":"info","message":"Incoming request","method":"GET","service":"calculator-microservice","timestamp":"2025-03-29 16:43:14","url":"/add?num1=5&num2=3","userAgent":"curl/8.10.1"}
{"level":"info","message":"Operation successful","num1":5,"num2":3,"operation":"add","result":8,"service":"calculator-microservice","timestamp":"2025-03-29 16:43:14"}
{"duration":"5ms","level":"info","message":"Request completed","method":"GET","service":"calculator-microservice","status":200,"timestamp":"2025-03-29 16:43:14","url":"/add?num1=5&num2=3"}
{"ip":"::1","level":"info","message":"Incoming request","method":"GET","service":"calculator-microservice","timestamp":"2025-03-29 16:44:00","url":"/add?num1=5&num2=3","userAgent":"curl/8.10.1"}
{"level":"info","message":"Operation successful","num1":5,"num2":3,"operation":"add","result":8,"service":"calculator-microservice","timestamp":"2025-03-29 16:44:00"}
{"duration":"1ms","level":"info","message":"Request completed","method":"GET","service":"calculator-microservice","status":200,"timestamp":"2025-03-29 16:44:00","url":"/add?num1=5&num2=3"}
{"ip":"::1","level":"info","message":"Incoming request","method":"GET","service":"calculator-microservice","timestamp":"2025-03-29 16:44:09","url":"/subtract?num1=10&num2=4","userAgent":"curl/8.10.1"}
{"level":"info","message":"Operation successful","num1":10,"num2":4,"operation":"subtract","result":6,"service":"calculator-microservice","timestamp":"2025-03-29 16:44:09"}
{"duration":"2ms","level":"info","message":"Request completed","method":"GET","service":"calculator-microservice","status":200,"timestamp":"2025-03-29 16:44:09","url":"/subtract?num1=10&num2=4"}
{"ip":"::1","level":"info","message":"Incoming request","method":"GET","service":"calculator-microservice","timestamp":"2025-03-29 16:44:20","url":"/multiply?num1=6&num2=7","userAgent":"curl/8.10.1"}
{"level":"info","message":"Operation successful","num1":6,"num2":7,"operation":"multiply","result":42,"service":"calculator-microservice","timestamp":"2025-03-29 16:44:20"}
{"duration":"2ms","level":"info","message":"Request completed","method":"GET","service":"calculator-microservice","status":200,"timestamp":"2025-03-29 16:44:20","url":"/multiply?num1=6&num2=7"}
{"ip":"::1","level":"info","message":"Incoming request","method":"GET","service":"calculator-microservice","timestamp":"2025-03-29 16:44:33","url":"/divide?num1=20&num2=5","userAgent":"curl/8.10.1"}
{"level":"info","message":"Operation successful","num1":20,"num2":5,"operation":"divide","result":4,"service":"calculator-microservice","timestamp":"2025-03-29 16:44:33"}
{"duration":"1ms","level":"info","message":"Request completed","method":"GET","service":"calculator-microservice","status":200,"timestamp":"2025-03-29 16:44:33","url":"/divide?num1=20&num2=5"}
{"ip":"::1","level":"info","message":"Incoming request","method":"GET","service":"calculator-microservice","timestamp":"2025-03-29 16:44:52","url":"/add?num1=5","userAgent":"curl/8.10.1"}
{"expected":"Both num1 and num2 required","level":"error","message":"Missing parameters","received":{"num1":"5"},"service":"calculator-microservice","timestamp":"2025-03-29 16:44:52"}
{"duration":"1ms","level":"info","message":"Request completed","method":"GET","service":"calculator-microservice","status":400,"timestamp":"2025-03-29 16:44:52","url":"/add?num1=5"}
{"ip":"::1","level":"info","message":"Incoming request","method":"GET","service":"calculator-microservice","timestamp":"2025-03-29 16:45:03","url":"/add?num1=abc&num2=2","userAgent":"curl/8.10.1"}
{"expected":"Valid numbers","level":"error","message":"Invalid number parameters","received":{"num1":"abc","num2":"2"},"service":"calculator-microservice","timestamp":"2025-03-29 16:45:03"}
{"duration":"2ms","level":"info","message":"Request completed","method":"GET","service":"calculator-microservice","status":400,"timestamp":"2025-03-29 16:45:03","url":"/add?num1=abc&num2=2"}
{"ip":"::1","level":"info","message":"Incoming request","method":"GET","service":"calculator-microservice","timestamp":"2025-03-29 16:45:13","url":"/divide?num1=10&num2=0","userAgent":"curl/8.10.1"}
{"level":"error","message":"Division by zero attempted","num1":10,"num2":0,"service":"calculator-microservice","timestamp":"2025-03-29 16:45:13"}
{"duration":"1ms","level":"info","message":"Request completed","method":"GET","service":"calculator-microservice","status":400,"timestamp":"2025-03-29 16:45:13","url":"/divide?num1=10&num2=0"}
